<?xml version="1.0" encoding="UTF-8"?>
<!-- Generated by org.testng.reporters.JUnitXMLReporter -->
<testsuite ignored="11" hostname="LAPTOP-RB8GKPRQ" failures="0" tests="3" name="functional test " time="0.027" errors="0" timestamp="2023-09-12T17:04:26 IST">
  <testcase classname="org.obs.testngbasics.HomePageTest" name="verifySubscriberMessage" time="0.0">
    <skipped/>
  </testcase> <!-- verifySubscriberMessage -->
  <testcase classname="org.obs.testngbasics.LoginPageTest" name="verifyUserLogin" time="0.0">
    <skipped/>
  </testcase> <!-- verifyUserLogin -->
  <testcase classname="org.obs.testngbasics.RegisterPageTest" name="verifyUserRegistration" time="0.0">
    <skipped/>
  </testcase> <!-- verifyUserRegistration -->
  <testcase classname="org.obs.testngbasics.Base" name="@AfterTest runLogOutAPI" time="0.0">
    <ignored/>
  </testcase> <!-- @AfterTest runLogOutAPI -->
  <testcase classname="org.obs.testngbasics.Base" name="@BeforeSuite connectDB" time="0.0">
    <ignored/>
  </testcase> <!-- @BeforeSuite connectDB -->
  <testcase classname="org.obs.testngbasics.HomePageTest" name="verifyHomePageTitle" time="0.0">
    <ignored/>
  </testcase> <!-- verifyHomePageTitle -->
  <testcase classname="org.obs.testngbasics.Base" name="@BeforeTest runLoginAPI" time="0.0">
    <ignored/>
  </testcase> <!-- @BeforeTest runLoginAPI -->
  <testcase classname="org.obs.testngbasics.Base" name="@BeforeTest runLoginAPI" time="0.0">
    <ignored/>
  </testcase> <!-- @BeforeTest runLoginAPI -->
  <testcase classname="org.obs.testngbasics.Base" name="@AfterSuite closeDB" time="0.0">
    <ignored/>
  </testcase> <!-- @AfterSuite closeDB -->
  <testcase classname="org.obs.testngbasics.Base" name="@BeforeSuite connectDB" time="0.0">
    <ignored/>
  </testcase> <!-- @BeforeSuite connectDB -->
  <testcase classname="org.obs.testngbasics.Base" name="@AfterSuite closeDB" time="0.0">
    <ignored/>
  </testcase> <!-- @AfterSuite closeDB -->
  <testcase classname="org.obs.testngbasics.LoginPageTest" name="verifyLoginPageTitle" time="0.0">
    <ignored/>
  </testcase> <!-- verifyLoginPageTitle -->
  <testcase classname="org.obs.testngbasics.RegisterPageTest" name="verifyRegisterPageTitle" time="0.0">
    <ignored/>
  </testcase> <!-- verifyRegisterPageTitle -->
  <testcase classname="org.obs.testngbasics.Base" name="@AfterTest runLogOutAPI" time="0.0">
    <ignored/>
  </testcase> <!-- @AfterTest runLogOutAPI -->
</testsuite> <!-- functional test  -->
