<?xml version="1.0" encoding="UTF-8"?>
<!-- Generated by org.testng.reporters.JUnitXMLReporter -->
<testsuite ignored="2" hostname="LAPTOP-RB8GKPRQ" failures="0" tests="3" name="functional test " time="35.593" errors="0" timestamp="2023-09-12T20:48:21 IST">
  <testcase classname="org.obs.testngbasics.LoginPageTest" name="verifyInvalidUserLogin" time="2.513"/>
  <testcase classname="org.obs.testngbasics.LoginPageTest" name="verifyInvalidUserLogin" time="2.407"/>
  <testcase classname="org.obs.testngbasics.LoginPageTest" name="verifyInvalidUserLogin" time="2.479"/>
  <testcase classname="org.obs.testngbasics.LoginPageTest" name="verifyUserLogin" time="0.0">
    <ignored/>
  </testcase> <!-- verifyUserLogin -->
  <testcase classname="org.obs.testngbasics.LoginPageTest" name="verifyLoginPageTitle" time="0.0">
    <ignored/>
  </testcase> <!-- verifyLoginPageTitle -->
</testsuite> <!-- functional test  -->
