<?xml version="1.0" encoding="UTF-8"?>
<!-- Generated by org.testng.reporters.JUnitXMLReporter -->
<testsuite ignored="3" hostname="LAPTOP-RB8GKPRQ" failures="0" tests="3" name="Non functional test " time="21.459" errors="0" timestamp="2023-09-09T10:23:40 IST">
  <testcase classname="org.obs.testngbasics.HomePageTest" name="verifyHomePageTitle" time="0.029"/>
  <testcase classname="org.obs.testngbasics.LoginPageTest" name="verifyLoginPageTitle" time="0.725"/>
  <testcase classname="org.obs.testngbasics.RegisterPageTest" name="verifyRegisterPageTitle" time="0.718"/>
  <testcase classname="org.obs.testngbasics.LoginPageTest" name="verifyUserLogin" time="0.0">
    <ignored/>
  </testcase> <!-- verifyUserLogin -->
  <testcase classname="org.obs.testngbasics.HomePageTest" name="verifySubscriberMessage" time="0.0">
    <ignored/>
  </testcase> <!-- verifySubscriberMessage -->
  <testcase classname="org.obs.testngbasics.RegisterPageTest" name="verifyUserRegistration" time="0.0">
    <ignored/>
  </testcase> <!-- verifyUserRegistration -->
</testsuite> <!-- Non functional test  -->
