<?xml version="1.0" encoding="UTF-8"?>
<testng-results ignored="0" total="3" passed="3" failed="0" skipped="0">
  <reporter-output>
  </reporter-output>
  <suite started-at="2023-09-13T11:51:55 IST" name="Orange login" finished-at="2023-09-13T11:52:34 IST" duration-ms="38921">
    <groups>
    </groups>
    <test started-at="2023-09-13T11:51:55 IST" name="Orange login credentials" finished-at="2023-09-13T11:52:34 IST" duration-ms="38921">
      <class name="org.obs.testngbasics.InvalidOrangeLoginCredentials">
        <test-method is-config="true" signature="connectDB()[pri:0, instance:org.obs.testngbasics.InvalidOrangeLoginCredentials@73e22a3d]" started-at="2023-09-13T11:51:55 IST" name="connectDB" finished-at="2023-09-13T11:51:55 IST" duration-ms="29" status="PASS">
          <reporter-output>
          </reporter-output>
        </test-method> <!-- connectDB -->
        <test-method is-config="true" signature="runLoginAPI()[pri:0, instance:org.obs.testngbasics.InvalidOrangeLoginCredentials@73e22a3d]" started-at="2023-09-13T11:51:55 IST" name="runLoginAPI" finished-at="2023-09-13T11:51:55 IST" duration-ms="0" status="PASS">
          <reporter-output>
          </reporter-output>
        </test-method> <!-- runLoginAPI -->
        <test-method is-config="true" signature="createTestTable()[pri:0, instance:org.obs.testngbasics.InvalidOrangeLoginCredentials@73e22a3d]" started-at="2023-09-13T11:51:55 IST" name="createTestTable" finished-at="2023-09-13T11:51:55 IST" duration-ms="0" status="PASS">
          <reporter-output>
          </reporter-output>
        </test-method> <!-- createTestTable -->
        <test-method is-config="true" signature="setUp(java.lang.String,java.lang.String)[pri:0, instance:org.obs.testngbasics.InvalidOrangeLoginCredentials@73e22a3d]" started-at="2023-09-13T11:51:55 IST" name="setUp" finished-at="2023-09-13T11:52:03 IST" duration-ms="8673" status="PASS">
          <params>
            <param index="0">
              <value>
                <![CDATA[chrome]]>
              </value>
            </param>
            <param index="1">
              <value>
                <![CDATA[https://opensource-demo.orangehrmlive.com/web/index.php/auth/login]]>
              </value>
            </param>
          </params>
          <reporter-output>
          </reporter-output>
        </test-method> <!-- setUp -->
        <test-method signature="verifyInvalidOrangeLoginCredentials(java.lang.String,java.lang.String)[pri:0, instance:org.obs.testngbasics.InvalidOrangeLoginCredentials@73e22a3d]" started-at="2023-09-13T11:52:03 IST" name="verifyInvalidOrangeLoginCredentials" data-provider="OrangeLoginCredentials" finished-at="2023-09-13T11:52:06 IST" duration-ms="2416" status="PASS">
          <params>
            <param index="0">
              <value>
                <![CDATA[admin12]]>
              </value>
            </param>
            <param index="1">
              <value>
                <![CDATA[admin123]]>
              </value>
            </param>
          </params>
          <reporter-output>
          </reporter-output>
        </test-method> <!-- verifyInvalidOrangeLoginCredentials -->
        <test-method is-config="true" signature="tearDown()[pri:0, instance:org.obs.testngbasics.InvalidOrangeLoginCredentials@73e22a3d]" started-at="2023-09-13T11:52:06 IST" name="tearDown" finished-at="2023-09-13T11:52:06 IST" duration-ms="1" status="PASS">
          <reporter-output>
          </reporter-output>
        </test-method> <!-- tearDown -->
        <test-method is-config="true" signature="setUp(java.lang.String,java.lang.String)[pri:0, instance:org.obs.testngbasics.InvalidOrangeLoginCredentials@73e22a3d]" started-at="2023-09-13T11:52:06 IST" name="setUp" finished-at="2023-09-13T11:52:15 IST" duration-ms="9205" status="PASS">
          <params>
            <param index="0">
              <value>
                <![CDATA[chrome]]>
              </value>
            </param>
            <param index="1">
              <value>
                <![CDATA[https://opensource-demo.orangehrmlive.com/web/index.php/auth/login]]>
              </value>
            </param>
          </params>
          <reporter-output>
          </reporter-output>
        </test-method> <!-- setUp -->
        <test-method signature="verifyInvalidOrangeLoginCredentials(java.lang.String,java.lang.String)[pri:0, instance:org.obs.testngbasics.InvalidOrangeLoginCredentials@73e22a3d]" started-at="2023-09-13T11:52:15 IST" name="verifyInvalidOrangeLoginCredentials" data-provider="OrangeLoginCredentials" finished-at="2023-09-13T11:52:18 IST" duration-ms="2852" status="PASS">
          <params>
            <param index="0">
              <value>
                <![CDATA[Admin]]>
              </value>
            </param>
            <param index="1">
              <value>
                <![CDATA[admin1234]]>
              </value>
            </param>
          </params>
          <reporter-output>
          </reporter-output>
        </test-method> <!-- verifyInvalidOrangeLoginCredentials -->
        <test-method is-config="true" signature="tearDown()[pri:0, instance:org.obs.testngbasics.InvalidOrangeLoginCredentials@73e22a3d]" started-at="2023-09-13T11:52:18 IST" name="tearDown" finished-at="2023-09-13T11:52:18 IST" duration-ms="1" status="PASS">
          <reporter-output>
          </reporter-output>
        </test-method> <!-- tearDown -->
        <test-method is-config="true" signature="setUp(java.lang.String,java.lang.String)[pri:0, instance:org.obs.testngbasics.InvalidOrangeLoginCredentials@73e22a3d]" started-at="2023-09-13T11:52:18 IST" name="setUp" finished-at="2023-09-13T11:52:31 IST" duration-ms="13159" status="PASS">
          <params>
            <param index="0">
              <value>
                <![CDATA[chrome]]>
              </value>
            </param>
            <param index="1">
              <value>
                <![CDATA[https://opensource-demo.orangehrmlive.com/web/index.php/auth/login]]>
              </value>
            </param>
          </params>
          <reporter-output>
          </reporter-output>
        </test-method> <!-- setUp -->
        <test-method signature="verifyInvalidOrangeLoginCredentials(java.lang.String,java.lang.String)[pri:0, instance:org.obs.testngbasics.InvalidOrangeLoginCredentials@73e22a3d]" started-at="2023-09-13T11:52:31 IST" name="verifyInvalidOrangeLoginCredentials" data-provider="OrangeLoginCredentials" finished-at="2023-09-13T11:52:34 IST" duration-ms="2531" status="PASS">
          <params>
            <param index="0">
              <value>
                <![CDATA[administer]]>
              </value>
            </param>
            <param index="1">
              <value>
                <![CDATA[admins456]]>
              </value>
            </param>
          </params>
          <reporter-output>
          </reporter-output>
        </test-method> <!-- verifyInvalidOrangeLoginCredentials -->
        <test-method is-config="true" signature="tearDown()[pri:0, instance:org.obs.testngbasics.InvalidOrangeLoginCredentials@73e22a3d]" started-at="2023-09-13T11:52:34 IST" name="tearDown" finished-at="2023-09-13T11:52:34 IST" duration-ms="1" status="PASS">
          <reporter-output>
          </reporter-output>
        </test-method> <!-- tearDown -->
        <test-method is-config="true" signature="dropTestTable()[pri:0, instance:org.obs.testngbasics.InvalidOrangeLoginCredentials@73e22a3d]" started-at="2023-09-13T11:52:34 IST" name="dropTestTable" finished-at="2023-09-13T11:52:34 IST" duration-ms="1" status="PASS">
          <reporter-output>
          </reporter-output>
        </test-method> <!-- dropTestTable -->
        <test-method is-config="true" signature="runLogOutAPI()[pri:0, instance:org.obs.testngbasics.InvalidOrangeLoginCredentials@73e22a3d]" started-at="2023-09-13T11:52:34 IST" name="runLogOutAPI" finished-at="2023-09-13T11:52:34 IST" duration-ms="0" status="PASS">
          <reporter-output>
          </reporter-output>
        </test-method> <!-- runLogOutAPI -->
        <test-method is-config="true" signature="closeDB()[pri:0, instance:org.obs.testngbasics.InvalidOrangeLoginCredentials@73e22a3d]" started-at="2023-09-13T11:52:34 IST" name="closeDB" finished-at="2023-09-13T11:52:34 IST" duration-ms="1" status="PASS">
          <reporter-output>
          </reporter-output>
        </test-method> <!-- closeDB -->
      </class> <!-- org.obs.testngbasics.InvalidOrangeLoginCredentials -->
    </test> <!-- Orange login credentials -->
  </suite> <!-- Orange login -->
</testng-results>
